[35m[Appium][39m Welcome to Appium v1.22.0
[35m[Appium][39m Non-default server args:
[35m[Appium][39m   port: 63444
[35m[Appium][39m   loglevel: info
[35m[Appium][39m   tmpDir: C:\Users\HP\AppData\Local\Temp\\Katalon\Appium\Temp1694487086091
[35m[Appium][39m   chromedriverPort: 63445
[35m[Appium][39m Deprecated server args:
[35m[Appium][39m   [31m--chromedriver-port[39m => --default-capabilities
[35m[Appium][39m Default capabilities, which will be added to each request unless overridden by desired capabilities:
[35m[Appium][39m   chromedriverPort: 63445
[35m[Appium][39m Appium REST http interface listener started on 0.0.0.0:63444
[35m[HTTP][39m [37m-->[39m [37mGET[39m [37m/wd/hub/status[39m
[35m[HTTP][39m [90m{}[39m
[35m[HTTP][39m [37m<-- GET /wd/hub/status [39m[32m200[39m [90m15 ms - 68[39m
[35m[HTTP][39m [90m[39m
[35m[HTTP][39m [37m-->[39m [37mGET[39m [37m/wd/hub/status[39m
[35m[HTTP][39m [90m{}[39m
[35m[HTTP][39m [37m<-- GET /wd/hub/status [39m[32m200[39m [90m4 ms - 68[39m
[35m[HTTP][39m [90m[39m
[35m[HTTP][39m [37m-->[39m [37mPOST[39m [37m/wd/hub/session[39m
[35m[HTTP][39m [90m{"desiredCapabilities":{"app":"C:\\Users\\HP\\Downloads\\app-release (2).apk","noReset":true,"deviceName":"samsung SM-A035F (Android 12)","fullReset":false,"platform":"ANDROID","newCommandTimeout":1800,"platformVersion":"12","automationName":"uiautomator2","autoGrantPermissions":true,"platformName":"Android","udid":"R9RT309P2ZB","systemPort":63453},"capabilities":{"firstMatch":[{"appium:app":"C:\\Users\\HP\\Downloads\\app-release (2).apk","appium:autoGrantPermissions":true,"appium:automationName":"uiautomator2","appium:deviceName":"samsung SM-A035F (Android 12)","appium:fullReset":false,"appium:newCommandTimeout":1800,"appium:noReset":true,"platform":"ANDROID","platformName":"android","appium:platformVersion":"12","appium:systemPort":63453,"appium:udid":"R9RT309P2ZB"}]}}[39m
[35m[BaseDriver][39m The following capabilities are not standard capabilities and should have an extension prefix:
[35m[BaseDriver][39m   platform
[35m[BaseDriver][39m   chromedriverPort
[35m[Appium][39m Appium v1.22.0 creating new AndroidUiautomator2Driver (v1.69.0) session
[35m[BaseDriver][39m The following capabilities were provided, but are not recognized by Appium:
[35m[BaseDriver][39m   platform
[35m[BaseDriver][39m Session created with session id: 68ab0bef-27d3-46f5-9bb5-711076b281c4
[35m[BaseDriver][39m Using local app 'C:\Users\HP\Downloads\app-release (2).apk'
[35m[ADB][39m Found 1 'build-tools' folders under 'C:\Users\HP\.katalon\tools\android_sdk' (newest first):
[35m[ADB][39m     C:/Users/HP/.katalon/tools/android_sdk/build-tools/29.0.3
[35m[ADB][39m Using 'adb.exe' from 'C:\Users\HP\.katalon\tools\android_sdk\platform-tools\adb.exe'
[35m[AndroidDriver][39m Retrieving device list
[35m[AndroidDriver][39m Using device: R9RT309P2ZB
[35m[ADB][39m Using 'adb.exe' from 'C:\Users\HP\.katalon\tools\android_sdk\platform-tools\adb.exe'
[35m[ADB][39m Getting device platform version
[35m[UiAutomator2][39m Relaxing hidden api policy
[35m[ADB][39m Package name: 'id.evomo.cmms'
[35m[ADB][39m Main activity name: 'id.evomo.cmms.MainActivity'
[35m[ADB][39m The application at 'C:\Users\HP\AppData\Roaming\npm\node_modules\appium\node_modules\io.appium.settings\apks\settings_apk-debug.apk' will not be cached, because the device under test has confirmed the support of streamed installs
[35m[ADB][39m The installation of 'settings_apk-debug.apk' took 4271ms
[35m[ADB][39m Using 'apksigner.jar' from 'C:\Users\HP\.katalon\tools\android_sdk\build-tools\29.0.3\lib\apksigner.jar'
[35m[ADB][39m 'C:\Users\HP\AppData\Roaming\npm\node_modules\appium\node_modules\appium-uiautomator2-server\apks\appium-uiautomator2-server-v4.24.0.apk' is signed with the default certificate
[35m[ADB][39m 'C:\Users\HP\AppData\Roaming\npm\node_modules\appium\node_modules\appium-uiautomator2-server\apks\appium-uiautomator2-server-debug-androidTest.apk' is signed with the default certificate
[35m[UiAutomator2][39m Server packages are going to be (re)installed
[35m[ADB][39m The application at 'C:\Users\HP\AppData\Roaming\npm\node_modules\appium\node_modules\appium-uiautomator2-server\apks\appium-uiautomator2-server-v4.24.0.apk' will not be cached, because the device under test has confirmed the support of streamed installs
[35m[ADB][39m The installation of 'appium-uiautomator2-server-v4.24.0.apk' took 1528ms
[35m[ADB][39m The application at 'C:\Users\HP\AppData\Roaming\npm\node_modules\appium\node_modules\appium-uiautomator2-server\apks\appium-uiautomator2-server-debug-androidTest.apk' will not be cached, because the device under test has confirmed the support of streamed installs
[35m[ADB][39m The installation of 'appium-uiautomator2-server-debug-androidTest.apk' took 3495ms
[35m[ADB][39m Adding packages ["io.appium.settings","io.appium.uiautomator2.server","io.appium.uiautomator2.server.test"] to Doze whitelist
[35m[ADB][39m 'C:\Users\HP\Downloads\app-release (2).apk' is signed with a non-default certificate
[35m[ADB][39m The application at 'C:\Users\HP\Downloads\app-release (2).apk' will not be cached, because the device under test has confirmed the support of streamed installs
[35m[ADB][39m The installation of 'app-release (2).apk' took 7356ms
[35m[UiAutomator2][39m Starting UIAutomator2 server 4.24.0
[35m[UiAutomator2][39m Using UIAutomator2 server from 'C:\Users\HP\AppData\Roaming\npm\node_modules\appium\node_modules\appium-uiautomator2-server\apks\appium-uiautomator2-server-v4.24.0.apk' and test from 'C:\Users\HP\AppData\Roaming\npm\node_modules\appium\node_modules\appium-uiautomator2-server\apks\appium-uiautomator2-server-debug-androidTest.apk'
[35m[UiAutomator2][39m Waiting up to 30000ms for UiAutomator2 to be online...
[35m[WD Proxy][39m socket hang up
[35m[WD Proxy][39m socket hang up
[35m[WD Proxy][39m socket hang up
[35m[WD Proxy][39m socket hang up
[35m[WD Proxy][39m socket hang up
[35m[WD Proxy][39m socket hang up
[35m[WD Proxy][39m socket hang up
[35m[WD Proxy][39m socket hang up
[35m[WD Proxy][39m socket hang up
[35m[WD Proxy][39m socket hang up
[35m[WD Proxy][39m Determined the downstream protocol as 'W3C'
[35m[AndroidDriver][39m Screen already unlocked, doing nothing
[35m[UiAutomator2][39m Starting 'id.evomo.cmms/id.evomo.cmms.MainActivity and waiting for 'id.evomo.cmms/id.evomo.cmms.MainActivity'
[35m[Appium][39m New AndroidUiautomator2Driver session created successfully, session 68ab0bef-27d3-46f5-9bb5-711076b281c4 added to master session list
[35m[HTTP][39m [37m<-- POST /wd/hub/session [39m[32m200[39m [90m42484 ms - 1237[39m
[35m[HTTP][39m [90m[39m
[35m[HTTP][39m [37m-->[39m [37mGET[39m [37m/wd/hub/session/68ab0bef-27d3-46f5-9bb5-711076b281c4[39m
[35m[HTTP][39m [90m{}[39m
[35m[HTTP][39m [37m<-- GET /wd/hub/session/68ab0bef-27d3-46f5-9bb5-711076b281c4 [39m[32m200[39m [90m15 ms - 1191[39m
[35m[HTTP][39m [90m[39m
[35m[HTTP][39m [37m-->[39m [37mGET[39m [37m/wd/hub/session/68ab0bef-27d3-46f5-9bb5-711076b281c4[39m
[35m[HTTP][39m [90m{}[39m
[35m[HTTP][39m [37m<-- GET /wd/hub/session/68ab0bef-27d3-46f5-9bb5-711076b281c4 [39m[32m200[39m [90m9 ms - 1191[39m
[35m[HTTP][39m [90m[39m
[35m[HTTP][39m [37m-->[39m [37mGET[39m [37m/wd/hub/status[39m
[35m[HTTP][39m [90m{}[39m
[35m[HTTP][39m [37m<-- GET /wd/hub/status [39m[32m200[39m [90m2 ms - 68[39m
[35m[HTTP][39m [90m[39m
[35m[HTTP][39m [37m-->[39m [37mPOST[39m [37m/wd/hub/session/68ab0bef-27d3-46f5-9bb5-711076b281c4/timeouts[39m
[35m[HTTP][39m [90m{"implicit":60000}[39m
[35m[HTTP][39m [37m<-- POST /wd/hub/session/68ab0bef-27d3-46f5-9bb5-711076b281c4/timeouts [39m[32m200[39m [90m4 ms - 14[39m
[35m[HTTP][39m [90m[39m
[35m[HTTP][39m [37m-->[39m [37mGET[39m [37m/wd/hub/session/68ab0bef-27d3-46f5-9bb5-711076b281c4/source[39m
[35m[HTTP][39m [90m{}[39m
[35m[W3C (68ab0bef)][39m Driver proxy active, passing request on via HTTP proxy
[35m[WD Proxy][39m Replacing sessionId 8514b68a-29df-46e6-9130-b2f8bff3e2a2 with 68ab0bef-27d3-46f5-9bb5-711076b281c4
[35m[HTTP][39m [37m<-- GET /wd/hub/session/68ab0bef-27d3-46f5-9bb5-711076b281c4/source [39m[32m200[39m [90m160 ms - 8517[39m
[35m[HTTP][39m [90m[39m
[35m[HTTP][39m [37m-->[39m [37mGET[39m [37m/wd/hub/session/68ab0bef-27d3-46f5-9bb5-711076b281c4/screenshot[39m
[35m[HTTP][39m [90m{}[39m
[35m[HTTP][39m [37m<-- GET /wd/hub/session/68ab0bef-27d3-46f5-9bb5-711076b281c4/screenshot [39m[32m200[39m [90m499 ms - 110802[39m
[35m[HTTP][39m [90m[39m
[35m[HTTP][39m [37m-->[39m [37mPOST[39m [37m/wd/hub/session/68ab0bef-27d3-46f5-9bb5-711076b281c4/elements[39m
[35m[HTTP][39m [90m{"using":"xpath","value":"//*[@class = 'android.widget.EditText' and @resource-id = '' and (@text = '' or . = '')]"}[39m
[35m[HTTP][39m [37m<-- POST /wd/hub/session/68ab0bef-27d3-46f5-9bb5-711076b281c4/elements [39m[32m200[39m [90m110 ms - 267[39m
[35m[HTTP][39m [90m[39m
[35m[HTTP][39m [37m-->[39m [37mPOST[39m [37m/wd/hub/session/68ab0bef-27d3-46f5-9bb5-711076b281c4/elements[39m
[35m[HTTP][39m [90m{"using":"-android uiautomator","value":"new UiSelector().className(\"android.widget.EditText\").resourceId(\"\")"}[39m
[35m[HTTP][39m [37m<-- POST /wd/hub/session/68ab0bef-27d3-46f5-9bb5-711076b281c4/elements [39m[32m200[39m [90m48 ms - 267[39m
[35m[HTTP][39m [90m[39m
[35m[HTTP][39m [37m-->[39m [37mGET[39m [37m/wd/hub/session/68ab0bef-27d3-46f5-9bb5-711076b281c4/window/rect[39m
[35m[HTTP][39m [90m{}[39m
[35m[HTTP][39m [37m<-- GET /wd/hub/session/68ab0bef-27d3-46f5-9bb5-711076b281c4/window/rect [39m[32m200[39m [90m24 ms - 49[39m
[35m[HTTP][39m [90m[39m
[35m[HTTP][39m [37m-->[39m [37mPOST[39m [37m/wd/hub/session/68ab0bef-27d3-46f5-9bb5-711076b281c4/elements[39m
[35m[HTTP][39m [90m{"using":"xpath","value":"//hierarchy/android.widget.FrameLayout[1]/android.widget.LinearLayout[1]/android.widget.FrameLayout[1]/android.widget.FrameLayout[1]/android.view.View[1]/android.view.View[1]/android.view.View[1]/android.view.View[1]/android.view.View[1]/android.view.View[1]/android.widget.EditText[1]"}[39m
[35m[HTTP][39m [37m<-- POST /wd/hub/session/68ab0bef-27d3-46f5-9bb5-711076b281c4/elements [39m[32m200[39m [90m75 ms - 139[39m
[35m[HTTP][39m [90m[39m
[35m[HTTP][39m [37m-->[39m [37mGET[39m [37m/wd/hub/session/68ab0bef-27d3-46f5-9bb5-711076b281c4/element/00000000-0000-1031-0000-000800000003/location[39m
[35m[HTTP][39m [90m{}[39m
[35m[W3C (68ab0bef)][39m Driver proxy active, passing request on via HTTP proxy
[35m[WD Proxy][39m Replacing sessionId 8514b68a-29df-46e6-9130-b2f8bff3e2a2 with 68ab0bef-27d3-46f5-9bb5-711076b281c4
[35m[HTTP][39m [37m<-- GET /wd/hub/session/68ab0bef-27d3-46f5-9bb5-711076b281c4/element/00000000-0000-1031-0000-000800000003/location [39m[32m200[39m [90m17 ms - 77[39m
[35m[HTTP][39m [90m[39m
[35m[HTTP][39m [37m-->[39m [37mPOST[39m [37m/wd/hub/session/68ab0bef-27d3-46f5-9bb5-711076b281c4/element/00000000-0000-1031-0000-000800000003/click[39m
[35m[HTTP][39m [90m{"id":"00000000-0000-1031-0000-000800000003"}[39m
[35m[HTTP][39m [37m<-- POST /wd/hub/session/68ab0bef-27d3-46f5-9bb5-711076b281c4/element/00000000-0000-1031-0000-000800000003/click [39m[32m200[39m [90m46 ms - 14[39m
[35m[HTTP][39m [90m[39m
[35m[HTTP][39m [37m-->[39m [37mGET[39m [37m/wd/hub/session/68ab0bef-27d3-46f5-9bb5-711076b281c4/source[39m
[35m[HTTP][39m [90m{}[39m
[35m[W3C (68ab0bef)][39m Driver proxy active, passing request on via HTTP proxy
[35m[WD Proxy][39m Replacing sessionId 8514b68a-29df-46e6-9130-b2f8bff3e2a2 with 68ab0bef-27d3-46f5-9bb5-711076b281c4
[35m[HTTP][39m [37m<-- GET /wd/hub/session/68ab0bef-27d3-46f5-9bb5-711076b281c4/source [39m[32m200[39m [90m738 ms - 8538[39m
[35m[HTTP][39m [90m[39m
[35m[HTTP][39m [37m-->[39m [37mGET[39m [37m/wd/hub/session/68ab0bef-27d3-46f5-9bb5-711076b281c4/screenshot[39m
[35m[HTTP][39m [90m{}[39m
[35m[HTTP][39m [37m<-- GET /wd/hub/session/68ab0bef-27d3-46f5-9bb5-711076b281c4/screenshot [39m[32m200[39m [90m503 ms - 168190[39m
[35m[HTTP][39m [90m[39m
[35m[HTTP][39m [37m-->[39m [37mPOST[39m [37m/wd/hub/session/68ab0bef-27d3-46f5-9bb5-711076b281c4/elements[39m
[35m[HTTP][39m [90m{"using":"xpath","value":"//*[@class = 'android.widget.EditText' and @resource-id = '' and (@text = '' or . = '')]"}[39m
[35m[HTTP][39m [37m<-- POST /wd/hub/session/68ab0bef-27d3-46f5-9bb5-711076b281c4/elements [39m[32m200[39m [90m68 ms - 267[39m
[35m[HTTP][39m [90m[39m
[35m[HTTP][39m [37m-->[39m [37mPOST[39m [37m/wd/hub/session/68ab0bef-27d3-46f5-9bb5-711076b281c4/elements[39m
[35m[HTTP][39m [90m{"using":"-android uiautomator","value":"new UiSelector().className(\"android.widget.EditText\").resourceId(\"\")"}[39m
[35m[HTTP][39m [37m<-- POST /wd/hub/session/68ab0bef-27d3-46f5-9bb5-711076b281c4/elements [39m[32m200[39m [90m42 ms - 267[39m
[35m[HTTP][39m [90m[39m
[35m[HTTP][39m [37m-->[39m [37mGET[39m [37m/wd/hub/session/68ab0bef-27d3-46f5-9bb5-711076b281c4/window/rect[39m
[35m[HTTP][39m [90m{}[39m
[35m[HTTP][39m [37m<-- GET /wd/hub/session/68ab0bef-27d3-46f5-9bb5-711076b281c4/window/rect [39m[32m200[39m [90m22 ms - 49[39m
[35m[HTTP][39m [90m[39m
[35m[HTTP][39m [37m-->[39m [37mPOST[39m [37m/wd/hub/session/68ab0bef-27d3-46f5-9bb5-711076b281c4/elements[39m
[35m[HTTP][39m [90m{"using":"xpath","value":"//hierarchy/android.widget.FrameLayout[1]/android.widget.LinearLayout[1]/android.widget.FrameLayout[1]/android.widget.FrameLayout[1]/android.view.View[1]/android.view.View[1]/android.view.View[1]/android.view.View[1]/android.view.View[1]/android.widget.ScrollView[1]/android.widget.EditText[1]"}[39m
[35m[HTTP][39m [37m<-- POST /wd/hub/session/68ab0bef-27d3-46f5-9bb5-711076b281c4/elements [39m[32m200[39m [90m60008 ms - 12[39m
[35m[HTTP][39m [90m[39m
[35m[HTTP][39m [37m-->[39m [37mDELETE[39m [37m/wd/hub/session/68ab0bef-27d3-46f5-9bb5-711076b281c4[39m
[35m[HTTP][39m [90m{}[39m
[35m[Appium][39m Removing session 68ab0bef-27d3-46f5-9bb5-711076b281c4 from our master session list
[35m[UiAutomator2][39m Restoring hidden api policy to the device default configuration
[35m[HTTP][39m [37m<-- DELETE /wd/hub/session/68ab0bef-27d3-46f5-9bb5-711076b281c4 [39m[32m200[39m [90m457 ms - 14[39m
[35m[HTTP][39m [90m[39m
